Arguments: 
  /usr/local/bin/node /usr/local/bin/yarn install

PATH: 
  /Library/Frameworks/Python.framework/Versions/3.11/bin:/opt/homebrew/bin:/opt/homebrew/sbin:/usr/local/bin:/System/Cryptexes/App/usr/bin:/usr/bin:/bin:/usr/sbin:/sbin:/Applications/VMware Fusion.app/Contents/Public:/Library/Frameworks/Python.framework/Versions/3.11/bin:/opt/homebrew/bin:/opt/homebrew/sbin

Yarn version: 
  1.22.19

Node version: 
  18.15.0

Platform: 
  darwin arm64

Trace: 
  Error: EACCES: permission denied, mkdir '/Users/burak/Documents/GitHub/Test2/node_modules/@atolye15/eslint-config-base'

npm manifest: 
  {
    "name": "atolye15-demo",
    "version": "0.0.1",
    "description": "",
    "author": "",
    "license": "MIT",
    "scripts": {
      "build": "rimraf dist && tsc -p tsconfig.build.json",
      "start": "ts-node -r tsconfig-paths/register src/main.ts",
      "start:dev": "tsc-watch -p tsconfig.build.json --onSuccess \"node dist/main.js\"",
      "start:debug": "tsc-watch -p tsconfig.build.json --onSuccess \"node --inspect-brk dist/main.js\"",
      "start:prod": "node dist/main.js",
      "format": "prettier --write '{src,test}/**/*.{ts,tsx}' && yarn lint:eslint --fix",
      "format:check": "prettier -c '{src,test}/**/*.{ts,tsx}'",
      "lint:tsc": "tsc",
      "lint:eslint": "eslint '{src,test}/**/*.ts'",
      "lint": "yarn lint:tsc && yarn lint:eslint",
      "test": "jest",
      "test:watch": "jest --watch",
      "test:cov": "jest --coverage",
      "test:debug": "node --inspect-brk -r tsconfig-paths/register -r ts-node/register node_modules/.bin/jest --runInBand",
      "test:e2e": "jest --config ./test/jest-e2e.json"
    },
    "dependencies": {
      "@nestjs/common": "^6.11.11",
      "@nestjs/core": "^6.0.0",
      "@nestjs/platform-express": "^6.0.0",
      "reflect-metadata": "^0.1.12",
      "rimraf": "^2.6.2",
      "rxjs": "^6.3.3"
    },
    "devDependencies": {
      "@atolye15/eslint-config-base-typescript": "^1.0.17",
      "@nestjs/testing": "^6.0.0",
      "@types/express": "4.16.1",
      "@types/jest": "24.0.11",
      "@types/node": "11.13.4",
      "@types/supertest": "2.0.7",
      "eslint": "^6.3.0",
      "jest": "24.7.1",
      "prettier": "^1.18.2",
      "supertest": "4.0.2",
      "ts-jest": "24.0.2",
      "ts-node": "8.1.0",
      "tsc-watch": "2.2.1",
      "tsconfig-paths": "^3.8.0",
      "typescript": "3.4.3"
    },
    "jest": {
      "moduleFileExtensions": [
        "js",
        "json",
        "ts"
      ],
      "rootDir": "src",
      "testRegex": ".spec.ts$",
      "transform": {
        "^.+\\.(t|j)s$": "ts-jest"
      },
      "coverageDirectory": "../coverage",
      "coverageThreshold": {
        "global": {
          "branches": 80,
          "functions": 80,
          "lines": 80,
          "statements": 80
        }
      },
      "testEnvironment": "node"
    }
  }

yarn manifest: 
  No manifest

Lockfile: 
  No lockfile
